<?xml version="1.0" encoding="UTF-8"?>
<!-- Generated by org.testng.reporters.JUnitXMLReporter -->
<testsuite hostname="acanthophis" ignored="0" name="Validating user login" tests="2" failures="2" timestamp="2020-05-06T16:10:28 CEST" time="0.842" errors="0">
  <testcase name="feature" time="0.199" classname="cucumber.api.testng.AbstractTestNGCucumberTests">
    <failure type="cucumber.runtime.CucumberException" message="java.lang.NullPointerException">
      <![CDATA[cucumber.runtime.CucumberException: java.lang.NullPointerException
at cucumber.api.testng.TestNGCucumberRunner.runCucumber(TestNGCucumberRunner.java:69)
at cucumber.api.testng.AbstractTestNGCucumberTests.feature(AbstractTestNGCucumberTests.java:21)
at java.util.ArrayList.forEach(ArrayList.java:1257)
Caused by: java.lang.NullPointerException
at resources.Base.initializeDriver(Base.java:49)
at stepDefinations.StepDefination.initialize_the_browser(StepDefination.java:25)
at ✽.Given Initialize the browser(login.feature:4)
... Removed 27 stack frames]]>
    </failure>
  </testcase> <!-- feature -->
  <testcase name="feature" time="0.374" classname="cucumber.api.testng.AbstractTestNGCucumberTests">
    <failure type="java.lang.NullPointerException">
      <![CDATA[java.lang.NullPointerException
at resources.Base.getScreenshot(Base.java:74)
at TestSuite.listeners.onTestFailure(listeners.java:32)
at java.util.ArrayList.forEach(ArrayList.java:1257)
... Removed 24 stack frames]]>
    </failure>
  </testcase> <!-- feature -->
</testsuite> <!-- Validating user login -->
