<?xml version="1.0" encoding="UTF-8"?>
<!-- Generated by org.testng.reporters.JUnitXMLReporter -->
<testsuite hostname="acanthophis" ignored="0" name="Validate title in the page" tests="1" failures="1" timestamp="2020-04-23T10:07:57 CEST" time="14.431" errors="0">
  <testcase name="testingValidateTitle" time="0.051" classname="TestSuite.validateTitle">
    <failure type="java.lang.AssertionError" message="expected [FEATURED COURSES1123] but found [FEATURED COURSES]">
      <![CDATA[java.lang.AssertionError: expected [FEATURED COURSES1123] but found [FEATURED COURSES]
at TestSuite.validateTitle.testingValidateTitle(validateTitle.java:35)
at java.util.ArrayList.forEach(ArrayList.java:1257)
... Removed 32 stack frames]]>
    </failure>
  </testcase> <!-- testingValidateTitle -->
</testsuite> <!-- Validate title in the page -->
