<?xml version="1.0" encoding="UTF-8"?>
<!-- Generated by org.testng.reporters.JUnitXMLReporter -->
<testsuite hostname="acanthophis" ignored="0" name="Check Navigate bar" tests="7" failures="0" timestamp="2020-05-08T16:23:13 CEST" time="31.236" errors="0">
  <testcase name="getPhoneNumber" time="0.367" classname="TestSuite.ValidateHompage"/>
  <testcase name="testAllCourses" time="0.319" classname="TestSuite.ValidateHompage"/>
  <testcase name="testNavigateBar" time="0.222" classname="TestSuite.ValidateHompage"/>
  <testcase name="testNewLetters" time="9.365" classname="TestSuite.ValidateHompage"/>
  <testcase name="testingValidateTitle" time="0.108" classname="TestSuite.ValidateHompage"/>
  <testcase name="validateEmail" time="0.183" classname="TestSuite.ValidateHompage"/>
  <testcase name="validateHeder" time="0.09" classname="TestSuite.ValidateHompage"/>
</testsuite> <!-- Check Navigate bar -->
