<?xml version="1.0" encoding="UTF-8"?>
<!-- Generated by org.testng.reporters.JUnitXMLReporter -->
<testsuite hostname="acanthophis" ignored="0" name="Validating user login" tests="2" failures="0" timestamp="2020-05-06T16:57:39 CEST" time="40.213" errors="0">
  <testcase name="feature" time="26.499" classname="cucumber.api.testng.AbstractTestNGCucumberTests"/>
  <testcase name="feature" time="13.209" classname="cucumber.api.testng.AbstractTestNGCucumberTests"/>
</testsuite> <!-- Validating user login -->
