<?xml version="1.0" encoding="UTF-8"?>
<!-- Generated by org.testng.reporters.JUnitXMLReporter -->
<testsuite hostname="acanthophis" ignored="0" name="Validate title in the page" tests="6" failures="0" timestamp="2020-05-06T14:48:29 CEST" time="24.699" errors="0">
  <testcase name="testAllCourses" time="1.022" classname="TestSuite.ValidateNavigationBar"/>
  <testcase name="testNavigateBar" time="0.436" classname="TestSuite.ValidateNavigationBar"/>
  <testcase name="getPhoneNumber" time="0.967" classname="TestSuite.validateTitle"/>
  <testcase name="testingValidateTitle" time="0.161" classname="TestSuite.validateTitle"/>
  <testcase name="validateEmail" time="1.117" classname="TestSuite.validateTitle"/>
  <testcase name="validateHeder" time="0.112" classname="TestSuite.validateTitle"/>
</testsuite> <!-- Validate title in the page -->
