<?xml version="1.0" encoding="UTF-8"?>
<!-- Generated by org.testng.reporters.JUnitXMLReporter -->
<testsuite hostname="acanthophis" ignored="0" name="Validating user login" tests="2" failures="0" timestamp="2020-05-07T15:08:02 CEST" time="56.173" errors="0">
  <testcase name="feature" time="27.579" classname="cucumber.api.testng.AbstractTestNGCucumberTests"/>
  <testcase name="feature" time="28.174" classname="cucumber.api.testng.AbstractTestNGCucumberTests"/>
</testsuite> <!-- Validating user login -->
