<?xml version="1.0" encoding="UTF-8"?>
<!-- Generated by org.testng.reporters.JUnitXMLReporter -->
<testsuite hostname="acanthophis" ignored="0" name="Validating title" tests="2" failures="0" timestamp="2020-05-07T15:08:53 CEST" time="51.051" errors="0">
  <testcase name="feature" time="23.606" classname="cucumber.api.testng.AbstractTestNGCucumberTests"/>
  <testcase name="feature" time="27.417" classname="cucumber.api.testng.AbstractTestNGCucumberTests"/>
</testsuite> <!-- Validating title -->
