<?xml version="1.0" encoding="UTF-8"?>
<!-- Generated by org.testng.reporters.JUnitXMLReporter -->
<testsuite hostname="acanthophis" ignored="0" name="Validating curses page" tests="3" failures="0" timestamp="2020-04-30T14:18:53 CEST" time="21.371" errors="0">
  <testcase name="clickOnCoursesButton" time="5.371" classname="TestSuite.CoursePage"/>
  <testcase name="getUri" time="0.01" classname="TestSuite.CoursePage"/>
  <testcase name="validateText" time="0.042" classname="TestSuite.CoursePage"/>
</testsuite> <!-- Validating curses page -->
