<?xml version="1.0" encoding="UTF-8"?>
<!-- Generated by org.testng.reporters.JUnitXMLReporter -->
<testsuite hostname="acanthophis" ignored="0" name="Validate title in the page" tests="4" failures="0" timestamp="2020-05-07T17:34:11 CEST" time="30.839" errors="0">
  <testcase name="getPhoneNumber" time="1.251" classname="TestSuite.validateTitle"/>
  <testcase name="testingValidateTitle" time="0.147" classname="TestSuite.validateTitle"/>
  <testcase name="validateEmail" time="0.302" classname="TestSuite.validateTitle"/>
  <testcase name="validateHeder" time="0.127" classname="TestSuite.validateTitle"/>
</testsuite> <!-- Validate title in the page -->
