<?xml version="1.0" encoding="UTF-8"?>
<!-- Generated by org.testng.reporters.JUnitXMLReporter -->
<testsuite hostname="acanthophis" ignored="0" name="Validating title" tests="2" failures="0" timestamp="2020-05-06T16:58:20 CEST" time="40.161" errors="0">
  <testcase name="feature" time="22.706" classname="cucumber.api.testng.AbstractTestNGCucumberTests"/>
  <testcase name="feature" time="17.419" classname="cucumber.api.testng.AbstractTestNGCucumberTests"/>
</testsuite> <!-- Validating title -->
