<?xml version="1.0" encoding="UTF-8"?>
<!-- Generated by org.testng.reporters.JUnitXMLReporter -->
<testsuite hostname="acanthophis" ignored="0" name="Validating curses page" tests="10" failures="0" timestamp="2020-05-07T17:34:18 CEST" time="37.732" errors="0">
  <testcase name="testAllCourses" time="1.689" classname="TestSuite.ValidateNavigationBar"/>
  <testcase name="testNavigateBar" time="2.13" classname="TestSuite.ValidateNavigationBar"/>
  <testcase name="getPhoneNumber" time="1.251" classname="TestSuite.validateTitle"/>
  <testcase name="testingValidateTitle" time="0.147" classname="TestSuite.validateTitle"/>
  <testcase name="validateEmail" time="0.302" classname="TestSuite.validateTitle"/>
  <testcase name="validateHeder" time="0.127" classname="TestSuite.validateTitle"/>
  <testcase name="clickOnCoursesButton" time="9.101" classname="TestSuite.Course"/>
  <testcase name="getUri" time="0.026" classname="TestSuite.Course"/>
  <testcase name="validateText" time="0.068" classname="TestSuite.Course"/>
  <testcase name="basePageNavegation" time="20.963" classname="TestSuite.Loging"/>
</testsuite> <!-- Validating curses page -->
