<?xml version="1.0" encoding="UTF-8"?>
<testng-results skipped="0" failed="0" ignored="0" total="7" passed="7">
  <reporter-output>
  </reporter-output>
  <suite name="Suite" duration-ms="31236" started-at="2020-05-08T16:22:42 CEST" finished-at="2020-05-08T16:23:13 CEST">
    <groups>
    </groups>
    <test name="Check Navigate bar" duration-ms="31236" started-at="2020-05-08T16:22:42 CEST" finished-at="2020-05-08T16:23:13 CEST">
      <class name="TestSuite.ValidateHompage">
        <test-method status="PASS" signature="openBrowser()[pri:0, instance:TestSuite.ValidateHompage@22fcf7ab]" name="openBrowser" is-config="true" duration-ms="19425" started-at="2020-05-08T16:22:42 CEST" finished-at="2020-05-08T16:23:01 CEST">
          <reporter-output>
          </reporter-output>
        </test-method> <!-- openBrowser -->
        <test-method status="PASS" signature="getPhoneNumber()[pri:0, instance:TestSuite.ValidateHompage@22fcf7ab]" name="getPhoneNumber" duration-ms="367" started-at="2020-05-08T16:23:01 CEST" finished-at="2020-05-08T16:23:01 CEST">
          <reporter-output>
          </reporter-output>
        </test-method> <!-- getPhoneNumber -->
        <test-method status="PASS" signature="testAllCourses()[pri:0, instance:TestSuite.ValidateHompage@22fcf7ab]" name="testAllCourses" duration-ms="319" started-at="2020-05-08T16:23:01 CEST" finished-at="2020-05-08T16:23:02 CEST">
          <reporter-output>
          </reporter-output>
        </test-method> <!-- testAllCourses -->
        <test-method status="PASS" signature="testNavigateBar()[pri:0, instance:TestSuite.ValidateHompage@22fcf7ab]" name="testNavigateBar" duration-ms="222" started-at="2020-05-08T16:23:02 CEST" finished-at="2020-05-08T16:23:02 CEST">
          <reporter-output>
          </reporter-output>
        </test-method> <!-- testNavigateBar -->
        <test-method status="PASS" signature="testNewLetters()[pri:0, instance:TestSuite.ValidateHompage@22fcf7ab]" name="testNewLetters" duration-ms="9365" started-at="2020-05-08T16:23:02 CEST" finished-at="2020-05-08T16:23:11 CEST">
          <reporter-output>
          </reporter-output>
        </test-method> <!-- testNewLetters -->
        <test-method status="PASS" signature="testingValidateTitle()[pri:0, instance:TestSuite.ValidateHompage@22fcf7ab]" name="testingValidateTitle" duration-ms="108" started-at="2020-05-08T16:23:11 CEST" finished-at="2020-05-08T16:23:11 CEST">
          <reporter-output>
          </reporter-output>
        </test-method> <!-- testingValidateTitle -->
        <test-method status="PASS" signature="validateEmail()[pri:0, instance:TestSuite.ValidateHompage@22fcf7ab]" name="validateEmail" duration-ms="183" started-at="2020-05-08T16:23:11 CEST" finished-at="2020-05-08T16:23:12 CEST">
          <reporter-output>
          </reporter-output>
        </test-method> <!-- validateEmail -->
        <test-method status="PASS" signature="validateHeder()[pri:0, instance:TestSuite.ValidateHompage@22fcf7ab]" name="validateHeder" duration-ms="90" started-at="2020-05-08T16:23:12 CEST" finished-at="2020-05-08T16:23:12 CEST">
          <reporter-output>
          </reporter-output>
        </test-method> <!-- validateHeder -->
        <test-method status="PASS" signature="teardown()[pri:0, instance:TestSuite.ValidateHompage@22fcf7ab]" name="teardown" is-config="true" duration-ms="1087" started-at="2020-05-08T16:23:12 CEST" finished-at="2020-05-08T16:23:13 CEST">
          <reporter-output>
          </reporter-output>
        </test-method> <!-- teardown -->
      </class> <!-- TestSuite.ValidateHompage -->
    </test> <!-- Check Navigate bar -->
  </suite> <!-- Suite -->
</testng-results>
