<?xml version="1.0" encoding="UTF-8"?>
<testng-results skipped="0" failed="0" ignored="0" total="0" passed="0">
  <reporter-output>
  </reporter-output>
  <suite name="Suite" duration-ms="20" started-at="2020-05-06T16:00:23 CEST" finished-at="2020-05-06T16:00:23 CEST">
    <groups>
    </groups>
    <test name="Validating user login" duration-ms="20" started-at="2020-05-06T16:00:23 CEST" finished-at="2020-05-06T16:00:23 CEST">
    </test> <!-- Validating user login -->
  </suite> <!-- Suite -->
</testng-results>
